[0.240s] [34mcolcon[0m [1;30mDEBUG[0m [32mCommand line arguments: ['/usr/bin/colcon', 'build'][0m
[0.240s] [34mcolcon[0m [1;30mDEBUG[0m [32mParsed command line arguments: Namespace(allow_overriding=[], ament_cmake_args=None, base_paths=['.'], build_base='build', catkin_cmake_args=None, catkin_skip_building_tests=False, cmake_args=None, cmake_clean_cache=False, cmake_clean_first=False, cmake_force_configure=False, cmake_target=None, cmake_target_skip_unavailable=False, continue_on_error=False, event_handlers=None, executor='parallel', ignore_user_meta=False, install_base='install', log_base=None, log_level=None, main=<bound method BuildVerb.main of <colcon_core.verb.build.BuildVerb object at 0x7f95cec3fd30>>, merge_install=False, metas=['./colcon.meta'], mixin=None, mixin_files=None, mixin_verb=('build',), packages_above=None, packages_above_and_dependencies=None, packages_above_depth=None, packages_end=None, packages_ignore=None, packages_ignore_regex=None, packages_select=None, packages_select_build_failed=False, packages_select_by_dep=None, packages_select_regex=None, packages_select_test_failures=False, packages_skip=None, packages_skip_build_finished=False, packages_skip_by_dep=None, packages_skip_regex=None, packages_skip_test_passed=False, packages_skip_up_to=None, packages_start=None, packages_up_to=None, packages_up_to_regex=None, parallel_workers=12, paths=None, symlink_install=False, test_result_base=None, verb_extension=<colcon_core.verb.build.BuildVerb object at 0x7f95cec3fd30>, verb_name='build', verb_parser=<colcon_mixin.mixin.mixin_argument.MixinArgumentDecorator object at 0x7f95cec4b310>)[0m
[0.278s] [34mcolcon.colcon_core.package_discovery[0m [1;30mLevel 1[0m discover_packages(colcon_meta) check parameters
[0.278s] [34mcolcon.colcon_core.package_discovery[0m [1;30mLevel 1[0m discover_packages(recursive) check parameters
[0.278s] [34mcolcon.colcon_core.package_discovery[0m [1;30mLevel 1[0m discover_packages(ignore) check parameters
[0.278s] [34mcolcon.colcon_core.package_discovery[0m [1;30mLevel 1[0m discover_packages(path) check parameters
[0.278s] [34mcolcon.colcon_core.package_discovery[0m [1;30mLevel 1[0m discover_packages(colcon_meta) discover
[0.278s] [34mcolcon.colcon_core.package_discovery[0m [1;30mLevel 1[0m discover_packages(recursive) discover
[0.278s] [34mcolcon.colcon_core.package_discovery[0m [1;30mINFO[0m Crawling recursively for packages in '/home/sqhl/Desktops/my_code/my_hk_ros2/src/my_hk_ros2'
[0.278s] [34mcolcon.colcon_core.package_identification[0m [1;30mLevel 1[0m _identify(.) by extensions ['ignore', 'ignore_ament_install']
[0.278s] [34mcolcon.colcon_core.package_identification[0m [1;30mLevel 1[0m _identify(.) by extension 'ignore'
[0.278s] [34mcolcon.colcon_core.package_identification[0m [1;30mLevel 1[0m _identify(.) by extension 'ignore_ament_install'
[0.278s] [34mcolcon.colcon_core.package_identification[0m [1;30mLevel 1[0m _identify(.) by extensions ['colcon_pkg']
[0.278s] [34mcolcon.colcon_core.package_identification[0m [1;30mLevel 1[0m _identify(.) by extension 'colcon_pkg'
[0.278s] [34mcolcon.colcon_core.package_identification[0m [1;30mLevel 1[0m _identify(.) by extensions ['colcon_meta']
[0.278s] [34mcolcon.colcon_core.package_identification[0m [1;30mLevel 1[0m _identify(.) by extension 'colcon_meta'
[0.278s] [34mcolcon.colcon_core.package_identification[0m [1;30mLevel 1[0m _identify(.) by extensions ['ros']
[0.278s] [34mcolcon.colcon_core.package_identification[0m [1;30mLevel 1[0m _identify(.) by extension 'ros'
[0.291s] [34mcolcon.colcon_core.package_identification[0m [1;30mDEBUG[0m [32mPackage '.' with type 'ros.ament_cmake' and name 'my_hk_ros2'[0m
[0.291s] [34mcolcon.colcon_core.package_discovery[0m [1;30mLevel 1[0m discover_packages(recursive) using defaults
[0.291s] [34mcolcon.colcon_core.package_discovery[0m [1;30mLevel 1[0m discover_packages(ignore) discover
[0.291s] [34mcolcon.colcon_core.package_discovery[0m [1;30mLevel 1[0m discover_packages(ignore) using defaults
[0.291s] [34mcolcon.colcon_core.package_discovery[0m [1;30mLevel 1[0m discover_packages(path) discover
[0.291s] [34mcolcon.colcon_core.package_discovery[0m [1;30mLevel 1[0m discover_packages(path) using defaults
[0.302s] [34mcolcon.colcon_core.package_discovery[0m [1;30mLevel 1[0m discover_packages(prefix_path) check parameters
[0.302s] [34mcolcon.colcon_core.package_discovery[0m [1;30mLevel 1[0m discover_packages(prefix_path) discover
[0.303s] [34mcolcon.colcon_installed_package_information.package_discovery[0m [1;30mDEBUG[0m [32mFound 1 installed packages in /home/sqhl/Desktops/my_code/my_hk_ros2/src/my_hk_ros2/install[0m
[0.304s] [34mcolcon.colcon_installed_package_information.package_discovery[0m [1;30mDEBUG[0m [32mFound 262 installed packages in /opt/ros/foxy[0m
[0.305s] [34mcolcon.colcon_core.package_discovery[0m [1;30mLevel 1[0m discover_packages(prefix_path) using defaults
[0.352s] [34mcolcon.colcon_core.verb[0m [1;30mLevel 5[0m set package 'my_hk_ros2' build argument 'cmake_args' from command line to 'None'
[0.352s] [34mcolcon.colcon_core.verb[0m [1;30mLevel 5[0m set package 'my_hk_ros2' build argument 'cmake_target' from command line to 'None'
[0.352s] [34mcolcon.colcon_core.verb[0m [1;30mLevel 5[0m set package 'my_hk_ros2' build argument 'cmake_target_skip_unavailable' from command line to 'False'
[0.352s] [34mcolcon.colcon_core.verb[0m [1;30mLevel 5[0m set package 'my_hk_ros2' build argument 'cmake_clean_cache' from command line to 'False'
[0.352s] [34mcolcon.colcon_core.verb[0m [1;30mLevel 5[0m set package 'my_hk_ros2' build argument 'cmake_clean_first' from command line to 'False'
[0.352s] [34mcolcon.colcon_core.verb[0m [1;30mLevel 5[0m set package 'my_hk_ros2' build argument 'cmake_force_configure' from command line to 'False'
[0.352s] [34mcolcon.colcon_core.verb[0m [1;30mLevel 5[0m set package 'my_hk_ros2' build argument 'ament_cmake_args' from command line to 'None'
[0.352s] [34mcolcon.colcon_core.verb[0m [1;30mLevel 5[0m set package 'my_hk_ros2' build argument 'catkin_cmake_args' from command line to 'None'
[0.352s] [34mcolcon.colcon_core.verb[0m [1;30mLevel 5[0m set package 'my_hk_ros2' build argument 'catkin_skip_building_tests' from command line to 'False'
[0.352s] [34mcolcon.colcon_core.verb[0m [1;30mDEBUG[0m [32mBuilding package 'my_hk_ros2' with the following arguments: {'ament_cmake_args': None, 'build_base': '/home/sqhl/Desktops/my_code/my_hk_ros2/src/my_hk_ros2/build/my_hk_ros2', 'catkin_cmake_args': None, 'catkin_skip_building_tests': False, 'cmake_args': None, 'cmake_clean_cache': False, 'cmake_clean_first': False, 'cmake_force_configure': False, 'cmake_target': None, 'cmake_target_skip_unavailable': False, 'install_base': '/home/sqhl/Desktops/my_code/my_hk_ros2/src/my_hk_ros2/install/my_hk_ros2', 'merge_install': False, 'path': '/home/sqhl/Desktops/my_code/my_hk_ros2/src/my_hk_ros2', 'symlink_install': False, 'test_result_base': None}[0m
[0.352s] [34mcolcon.colcon_core.executor[0m [1;30mINFO[0m Executing jobs using 'parallel' executor
[0.353s] [34mcolcon.colcon_parallel_executor.executor.parallel[0m [1;30mDEBUG[0m [32mrun_until_complete[0m
[0.353s] [34mcolcon.colcon_ros.task.ament_cmake.build[0m [1;30mINFO[0m Building ROS package in '/home/sqhl/Desktops/my_code/my_hk_ros2/src/my_hk_ros2' with build type 'ament_cmake'
[0.353s] [34mcolcon.colcon_cmake.task.cmake.build[0m [1;30mINFO[0m Building CMake package in '/home/sqhl/Desktops/my_code/my_hk_ros2/src/my_hk_ros2'
[0.355s] [34mcolcon.colcon_core.plugin_system[0m [1;30mINFO[0m Skipping extension 'colcon_core.shell.bat': Not used on non-Windows systems
[0.355s] [34mcolcon.colcon_core.shell[0m [1;30mINFO[0m Skip shell extension 'powershell' for command environment: Not usable outside of PowerShell
[0.355s] [34mcolcon.colcon_core.shell[0m [1;30mDEBUG[0m [32mSkip shell extension 'dsv' for command environment[0m
[0.363s] [34mcolcon.colcon_core.event_handler.log_command[0m [1;30mDEBUG[0m [32mInvoking command in '/home/sqhl/Desktops/my_code/my_hk_ros2/src/my_hk_ros2/build/my_hk_ros2': CMAKE_PREFIX_PATH=${CMAKE_PREFIX_PATH}:/opt/ros/foxy CONDA_PROMPT_MODIFIER=(base) /usr/local/bin/cmake --build /home/sqhl/Desktops/my_code/my_hk_ros2/src/my_hk_ros2/build/my_hk_ros2 -- -j12 -l12[0m
[1.098s] [34mcolcon.colcon_core.event_handler.log_command[0m [1;30mDEBUG[0m [32mInvoked command in '/home/sqhl/Desktops/my_code/my_hk_ros2/src/my_hk_ros2/build/my_hk_ros2' returned '0': CMAKE_PREFIX_PATH=${CMAKE_PREFIX_PATH}:/opt/ros/foxy CONDA_PROMPT_MODIFIER=(base) /usr/local/bin/cmake --build /home/sqhl/Desktops/my_code/my_hk_ros2/src/my_hk_ros2/build/my_hk_ros2 -- -j12 -l12[0m
[1.114s] [34mcolcon.colcon_core.event_handler.log_command[0m [1;30mDEBUG[0m [32mInvoking command in '/home/sqhl/Desktops/my_code/my_hk_ros2/src/my_hk_ros2/build/my_hk_ros2': CMAKE_PREFIX_PATH=${CMAKE_PREFIX_PATH}:/opt/ros/foxy CONDA_PROMPT_MODIFIER=(base) /usr/local/bin/cmake --install /home/sqhl/Desktops/my_code/my_hk_ros2/src/my_hk_ros2/build/my_hk_ros2[0m
[1.120s] [34mcolcon.colcon_core.environment[0m [1;30mLevel 1[0m create_environment_scripts_only(my_hk_ros2)
[1.120s] [34mcolcon.colcon_core.event_handler.log_command[0m [1;30mDEBUG[0m [32mInvoked command in '/home/sqhl/Desktops/my_code/my_hk_ros2/src/my_hk_ros2/build/my_hk_ros2' returned '0': CMAKE_PREFIX_PATH=${CMAKE_PREFIX_PATH}:/opt/ros/foxy CONDA_PROMPT_MODIFIER=(base) /usr/local/bin/cmake --install /home/sqhl/Desktops/my_code/my_hk_ros2/src/my_hk_ros2/build/my_hk_ros2[0m
[1.122s] [34mcolcon.colcon_core.environment[0m [1;30mLevel 1[0m checking '/home/sqhl/Desktops/my_code/my_hk_ros2/src/my_hk_ros2/install/my_hk_ros2' for CMake module files
[1.122s] [34mcolcon.colcon_core.environment[0m [1;30mLevel 1[0m checking '/home/sqhl/Desktops/my_code/my_hk_ros2/src/my_hk_ros2/install/my_hk_ros2' for CMake config files
[1.123s] [34mcolcon.colcon_core.shell[0m [1;30mLevel 1[0m create_environment_hook('my_hk_ros2', 'cmake_prefix_path')
[1.123s] [34mcolcon.colcon_core.shell[0m [1;30mINFO[0m Creating environment hook '/home/sqhl/Desktops/my_code/my_hk_ros2/src/my_hk_ros2/install/my_hk_ros2/share/my_hk_ros2/hook/cmake_prefix_path.ps1'
[1.123s] [34mcolcon.colcon_core.shell[0m [1;30mINFO[0m Creating environment descriptor '/home/sqhl/Desktops/my_code/my_hk_ros2/src/my_hk_ros2/install/my_hk_ros2/share/my_hk_ros2/hook/cmake_prefix_path.dsv'
[1.124s] [34mcolcon.colcon_core.shell[0m [1;30mINFO[0m Creating environment hook '/home/sqhl/Desktops/my_code/my_hk_ros2/src/my_hk_ros2/install/my_hk_ros2/share/my_hk_ros2/hook/cmake_prefix_path.sh'
[1.124s] [34mcolcon.colcon_core.environment[0m [1;30mLevel 1[0m checking '/home/sqhl/Desktops/my_code/my_hk_ros2/src/my_hk_ros2/install/my_hk_ros2/lib'
[1.124s] [34mcolcon.colcon_core.environment[0m [1;30mLevel 1[0m checking '/home/sqhl/Desktops/my_code/my_hk_ros2/src/my_hk_ros2/install/my_hk_ros2/bin'
[1.124s] [34mcolcon.colcon_core.environment[0m [1;30mLevel 1[0m checking '/home/sqhl/Desktops/my_code/my_hk_ros2/src/my_hk_ros2/install/my_hk_ros2/lib/pkgconfig/my_hk_ros2.pc'
[1.125s] [34mcolcon.colcon_core.environment[0m [1;30mLevel 1[0m checking '/home/sqhl/Desktops/my_code/my_hk_ros2/src/my_hk_ros2/install/my_hk_ros2/lib/python3.8/site-packages'
[1.125s] [34mcolcon.colcon_core.environment[0m [1;30mLevel 1[0m checking '/home/sqhl/Desktops/my_code/my_hk_ros2/src/my_hk_ros2/install/my_hk_ros2/bin'
[1.125s] [34mcolcon.colcon_core.shell[0m [1;30mINFO[0m Creating package script '/home/sqhl/Desktops/my_code/my_hk_ros2/src/my_hk_ros2/install/my_hk_ros2/share/my_hk_ros2/package.ps1'
[1.125s] [34mcolcon.colcon_core.shell[0m [1;30mINFO[0m Creating package descriptor '/home/sqhl/Desktops/my_code/my_hk_ros2/src/my_hk_ros2/install/my_hk_ros2/share/my_hk_ros2/package.dsv'
[1.126s] [34mcolcon.colcon_core.shell[0m [1;30mINFO[0m Creating package script '/home/sqhl/Desktops/my_code/my_hk_ros2/src/my_hk_ros2/install/my_hk_ros2/share/my_hk_ros2/package.sh'
[1.126s] [34mcolcon.colcon_core.shell[0m [1;30mINFO[0m Creating package script '/home/sqhl/Desktops/my_code/my_hk_ros2/src/my_hk_ros2/install/my_hk_ros2/share/my_hk_ros2/package.bash'
[1.127s] [34mcolcon.colcon_core.shell[0m [1;30mINFO[0m Creating package script '/home/sqhl/Desktops/my_code/my_hk_ros2/src/my_hk_ros2/install/my_hk_ros2/share/my_hk_ros2/package.zsh'
[1.127s] [34mcolcon.colcon_core.environment[0m [1;30mLevel 1[0m create_file_with_runtime_dependencies(/home/sqhl/Desktops/my_code/my_hk_ros2/src/my_hk_ros2/install/my_hk_ros2/share/colcon-core/packages/my_hk_ros2)
[1.139s] [34mcolcon.colcon_core.environment[0m [1;30mLevel 1[0m create_environment_scripts_only(my_hk_ros2)
[1.139s] [34mcolcon.colcon_core.environment[0m [1;30mLevel 1[0m checking '/home/sqhl/Desktops/my_code/my_hk_ros2/src/my_hk_ros2/install/my_hk_ros2' for CMake module files
[1.140s] [34mcolcon.colcon_core.environment[0m [1;30mLevel 1[0m checking '/home/sqhl/Desktops/my_code/my_hk_ros2/src/my_hk_ros2/install/my_hk_ros2' for CMake config files
[1.140s] [34mcolcon.colcon_core.shell[0m [1;30mLevel 1[0m create_environment_hook('my_hk_ros2', 'cmake_prefix_path')
[1.140s] [34mcolcon.colcon_core.shell[0m [1;30mINFO[0m Creating environment hook '/home/sqhl/Desktops/my_code/my_hk_ros2/src/my_hk_ros2/install/my_hk_ros2/share/my_hk_ros2/hook/cmake_prefix_path.ps1'
[1.141s] [34mcolcon.colcon_core.shell[0m [1;30mINFO[0m Creating environment descriptor '/home/sqhl/Desktops/my_code/my_hk_ros2/src/my_hk_ros2/install/my_hk_ros2/share/my_hk_ros2/hook/cmake_prefix_path.dsv'
[1.141s] [34mcolcon.colcon_core.shell[0m [1;30mINFO[0m Creating environment hook '/home/sqhl/Desktops/my_code/my_hk_ros2/src/my_hk_ros2/install/my_hk_ros2/share/my_hk_ros2/hook/cmake_prefix_path.sh'
[1.141s] [34mcolcon.colcon_core.environment[0m [1;30mLevel 1[0m checking '/home/sqhl/Desktops/my_code/my_hk_ros2/src/my_hk_ros2/install/my_hk_ros2/lib'
[1.141s] [34mcolcon.colcon_core.environment[0m [1;30mLevel 1[0m checking '/home/sqhl/Desktops/my_code/my_hk_ros2/src/my_hk_ros2/install/my_hk_ros2/bin'
[1.141s] [34mcolcon.colcon_core.environment[0m [1;30mLevel 1[0m checking '/home/sqhl/Desktops/my_code/my_hk_ros2/src/my_hk_ros2/install/my_hk_ros2/lib/pkgconfig/my_hk_ros2.pc'
[1.141s] [34mcolcon.colcon_core.environment[0m [1;30mLevel 1[0m checking '/home/sqhl/Desktops/my_code/my_hk_ros2/src/my_hk_ros2/install/my_hk_ros2/lib/python3.8/site-packages'
[1.142s] [34mcolcon.colcon_core.environment[0m [1;30mLevel 1[0m checking '/home/sqhl/Desktops/my_code/my_hk_ros2/src/my_hk_ros2/install/my_hk_ros2/bin'
[1.142s] [34mcolcon.colcon_core.shell[0m [1;30mINFO[0m Creating package script '/home/sqhl/Desktops/my_code/my_hk_ros2/src/my_hk_ros2/install/my_hk_ros2/share/my_hk_ros2/package.ps1'
[1.142s] [34mcolcon.colcon_core.shell[0m [1;30mINFO[0m Creating package descriptor '/home/sqhl/Desktops/my_code/my_hk_ros2/src/my_hk_ros2/install/my_hk_ros2/share/my_hk_ros2/package.dsv'
[1.143s] [34mcolcon.colcon_core.shell[0m [1;30mINFO[0m Creating package script '/home/sqhl/Desktops/my_code/my_hk_ros2/src/my_hk_ros2/install/my_hk_ros2/share/my_hk_ros2/package.sh'
[1.143s] [34mcolcon.colcon_core.shell[0m [1;30mINFO[0m Creating package script '/home/sqhl/Desktops/my_code/my_hk_ros2/src/my_hk_ros2/install/my_hk_ros2/share/my_hk_ros2/package.bash'
[1.143s] [34mcolcon.colcon_core.shell[0m [1;30mINFO[0m Creating package script '/home/sqhl/Desktops/my_code/my_hk_ros2/src/my_hk_ros2/install/my_hk_ros2/share/my_hk_ros2/package.zsh'
[1.143s] [34mcolcon.colcon_core.environment[0m [1;30mLevel 1[0m create_file_with_runtime_dependencies(/home/sqhl/Desktops/my_code/my_hk_ros2/src/my_hk_ros2/install/my_hk_ros2/share/colcon-core/packages/my_hk_ros2)
[1.144s] [34mcolcon.colcon_parallel_executor.executor.parallel[0m [1;30mDEBUG[0m [32mclosing loop[0m
[1.144s] [34mcolcon.colcon_parallel_executor.executor.parallel[0m [1;30mDEBUG[0m [32mloop closed[0m
[1.144s] [34mcolcon.colcon_parallel_executor.executor.parallel[0m [1;30mDEBUG[0m [32mrun_until_complete finished with '0'[0m
[1.144s] [34mcolcon.colcon_core.event_reactor[0m [1;30mDEBUG[0m [32mjoining thread[0m
[1.148s] [34mcolcon.colcon_core.plugin_system[0m [1;30mINFO[0m Skipping extension 'colcon_notification.desktop_notification.terminal_notifier': Not used on non-Darwin systems
[1.148s] [34mcolcon.colcon_core.plugin_system[0m [1;30mINFO[0m Skipping extension 'colcon_notification.desktop_notification.win32': Not used on non-Windows systems
[1.148s] [34mcolcon.colcon_notification.desktop_notification[0m [1;30mINFO[0m Sending desktop notification using 'notify2'
[1.155s] [34mcolcon.colcon_core.event_reactor[0m [1;30mDEBUG[0m [32mjoined thread[0m
[1.155s] [34mcolcon.colcon_core.shell[0m [1;30mINFO[0m Creating prefix script '/home/sqhl/Desktops/my_code/my_hk_ros2/src/my_hk_ros2/install/local_setup.ps1'
[1.155s] [34mcolcon.colcon_core.shell[0m [1;30mINFO[0m Creating prefix util module '/home/sqhl/Desktops/my_code/my_hk_ros2/src/my_hk_ros2/install/_local_setup_util_ps1.py'
[1.157s] [34mcolcon.colcon_core.shell[0m [1;30mINFO[0m Creating prefix chain script '/home/sqhl/Desktops/my_code/my_hk_ros2/src/my_hk_ros2/install/setup.ps1'
[1.157s] [34mcolcon.colcon_core.shell[0m [1;30mINFO[0m Creating prefix script '/home/sqhl/Desktops/my_code/my_hk_ros2/src/my_hk_ros2/install/local_setup.sh'
[1.158s] [34mcolcon.colcon_core.shell[0m [1;30mINFO[0m Creating prefix util module '/home/sqhl/Desktops/my_code/my_hk_ros2/src/my_hk_ros2/install/_local_setup_util_sh.py'
[1.158s] [34mcolcon.colcon_core.shell[0m [1;30mINFO[0m Creating prefix chain script '/home/sqhl/Desktops/my_code/my_hk_ros2/src/my_hk_ros2/install/setup.sh'
[1.159s] [34mcolcon.colcon_core.shell[0m [1;30mINFO[0m Creating prefix script '/home/sqhl/Desktops/my_code/my_hk_ros2/src/my_hk_ros2/install/local_setup.bash'
[1.159s] [34mcolcon.colcon_core.shell[0m [1;30mINFO[0m Creating prefix chain script '/home/sqhl/Desktops/my_code/my_hk_ros2/src/my_hk_ros2/install/setup.bash'
[1.160s] [34mcolcon.colcon_core.shell[0m [1;30mINFO[0m Creating prefix script '/home/sqhl/Desktops/my_code/my_hk_ros2/src/my_hk_ros2/install/local_setup.zsh'
[1.160s] [34mcolcon.colcon_core.shell[0m [1;30mINFO[0m Creating prefix chain script '/home/sqhl/Desktops/my_code/my_hk_ros2/src/my_hk_ros2/install/setup.zsh'
