-- Found ament_cmake: 0.9.12 (/opt/ros/foxy/share/ament_cmake/cmake)
-- Using PYTHON_EXECUTABLE: /usr/bin/python3
-- Found rclcpp: 2.4.3 (/opt/ros/foxy/share/rclcpp/cmake)
-- Using all available rosidl_typesupport_c: rosidl_typesupport_fastrtps_c;rosidl_typesupport_introspection_c
-- Found rosidl_adapter: 1.3.1 (/opt/ros/foxy/share/rosidl_adapter/cmake)
-- Using all available rosidl_typesupport_cpp: rosidl_typesupport_fastrtps_cpp;rosidl_typesupport_introspection_cpp
-- Found rmw_implementation_cmake: 1.0.4 (/opt/ros/foxy/share/rmw_implementation_cmake/cmake)
-- Using RMW implementation 'rmw_cyclonedds_cpp' as default
-- Found cv_bridge: 3.0.7 (/opt/ros/foxy/share/cv_bridge/cmake)
-- Found image_transport: 2.4.0 (/opt/ros/foxy/share/image_transport/cmake)
-- Found camera_info_manager: 2.4.0 (/opt/ros/foxy/share/camera_info_manager/cmake)
-- Setting yaml-cpp_DIR to: '/opt/ros/foxy/share/yaml_cpp_vendor/cmake/../../../opt/yaml_cpp_vendor/lib/cmake/yaml-cpp'
-- Found ament_lint_auto: 0.9.8 (/opt/ros/foxy/share/ament_lint_auto/cmake)
-- Added test 'copyright' to check source files copyright and LICENSE
-- Added test 'cppcheck' to perform static code analysis on C / C++ code
-- Configured cppcheck include dirs: /home/sqhl/Desktops/my_code/my_hk_ros2/src/my_hk_ros2/include
-- Configured cppcheck exclude dirs and/or files: 
-- Added test 'cpplint' to check C / C++ code against the Google style
-- Configured cpplint exclude dirs and/or files: 
-- Added test 'flake8' to check Python code syntax and style conventions
-- Added test 'lint_cmake' to check CMake code style
-- Added test 'pep257' to check Python code against some of the style conventions in PEP 257
-- Added test 'uncrustify' to check C / C++ code style
-- Configured uncrustify additional arguments: 
-- Added test 'xmllint' to check XML markup files
-- Configuring done (0.7s)
-- Generating done (0.0s)
-- Build files have been written to: /home/sqhl/Desktops/my_code/my_hk_ros2/src/my_hk_ros2/build/my_hk_ros2
[100%] Built target hk_camera
-- Install configuration: ""
-- Up-to-date: /home/sqhl/Desktops/my_code/my_hk_ros2/src/my_hk_ros2/install/my_hk_ros2/lib/my_hk_ros2/hk_camera
-- Up-to-date: /home/sqhl/Desktops/my_code/my_hk_ros2/src/my_hk_ros2/install/my_hk_ros2/share/my_hk_ros2/launch
-- Installing: /home/sqhl/Desktops/my_code/my_hk_ros2/src/my_hk_ros2/install/my_hk_ros2/share/my_hk_ros2/launch/my_camera_launch.py
-- Up-to-date: /home/sqhl/Desktops/my_code/my_hk_ros2/src/my_hk_ros2/install/my_hk_ros2/share/my_hk_ros2/launch/my_hk_camera_launch.xml
-- Up-to-date: /home/sqhl/Desktops/my_code/my_hk_ros2/src/my_hk_ros2/install/my_hk_ros2/share/my_hk_ros2/launch/my_hk_camera（原来的，注释版）.launch
-- Installing: /home/sqhl/Desktops/my_code/my_hk_ros2/src/my_hk_ros2/install/my_hk_ros2/share/my_hk_ros2/config
-- Installing: /home/sqhl/Desktops/my_code/my_hk_ros2/src/my_hk_ros2/install/my_hk_ros2/share/my_hk_ros2/config/my_camera.yaml
-- Up-to-date: /home/sqhl/Desktops/my_code/my_hk_ros2/src/my_hk_ros2/install/my_hk_ros2/share/ament_index/resource_index/package_run_dependencies/my_hk_ros2
-- Installing: /home/sqhl/Desktops/my_code/my_hk_ros2/src/my_hk_ros2/install/my_hk_ros2/share/ament_index/resource_index/parent_prefix_path/my_hk_ros2
-- Up-to-date: /home/sqhl/Desktops/my_code/my_hk_ros2/src/my_hk_ros2/install/my_hk_ros2/share/my_hk_ros2/environment/ament_prefix_path.sh
-- Installing: /home/sqhl/Desktops/my_code/my_hk_ros2/src/my_hk_ros2/install/my_hk_ros2/share/my_hk_ros2/environment/ament_prefix_path.dsv
-- Up-to-date: /home/sqhl/Desktops/my_code/my_hk_ros2/src/my_hk_ros2/install/my_hk_ros2/share/my_hk_ros2/environment/path.sh
-- Installing: /home/sqhl/Desktops/my_code/my_hk_ros2/src/my_hk_ros2/install/my_hk_ros2/share/my_hk_ros2/environment/path.dsv
-- Up-to-date: /home/sqhl/Desktops/my_code/my_hk_ros2/src/my_hk_ros2/install/my_hk_ros2/share/my_hk_ros2/local_setup.bash
-- Up-to-date: /home/sqhl/Desktops/my_code/my_hk_ros2/src/my_hk_ros2/install/my_hk_ros2/share/my_hk_ros2/local_setup.sh
-- Up-to-date: /home/sqhl/Desktops/my_code/my_hk_ros2/src/my_hk_ros2/install/my_hk_ros2/share/my_hk_ros2/local_setup.zsh
-- Installing: /home/sqhl/Desktops/my_code/my_hk_ros2/src/my_hk_ros2/install/my_hk_ros2/share/my_hk_ros2/local_setup.dsv
-- Installing: /home/sqhl/Desktops/my_code/my_hk_ros2/src/my_hk_ros2/install/my_hk_ros2/share/my_hk_ros2/package.dsv
-- Up-to-date: /home/sqhl/Desktops/my_code/my_hk_ros2/src/my_hk_ros2/install/my_hk_ros2/share/ament_index/resource_index/packages/my_hk_ros2
-- Up-to-date: /home/sqhl/Desktops/my_code/my_hk_ros2/src/my_hk_ros2/install/my_hk_ros2/share/my_hk_ros2/cmake/my_hk_ros2Config.cmake
-- Up-to-date: /home/sqhl/Desktops/my_code/my_hk_ros2/src/my_hk_ros2/install/my_hk_ros2/share/my_hk_ros2/cmake/my_hk_ros2Config-version.cmake
-- Up-to-date: /home/sqhl/Desktops/my_code/my_hk_ros2/src/my_hk_ros2/install/my_hk_ros2/share/my_hk_ros2/package.xml
