[0.010s] Invoking command in '/home/sqhl/Desktops/my_code/my_hk_ros2/src/my_hk_ros2/build/my_hk_ros2': CMAKE_PREFIX_PATH=${CMAKE_PREFIX_PATH}:/opt/ros/foxy CONDA_PROMPT_MODIFIER=(base) /usr/local/bin/cmake --build /home/sqhl/Desktops/my_code/my_hk_ros2/src/my_hk_ros2/build/my_hk_ros2 -- -j12 -l12
[0.022s] -- Found ament_cmake: 0.9.12 (/opt/ros/foxy/share/ament_cmake/cmake)
[0.023s] [33mCMake Warning (dev) at /opt/ros/foxy/share/ament_cmake_core/cmake/core/python.cmake:22 (find_package):
[0.023s]   Policy CMP0148 is not set: The FindPythonInterp and FindPythonLibs modules
[0.023s]   are removed.  Run "cmake --help-policy CMP0148" for policy details.  Use
[0.023s]   the cmake_policy command to set the policy and suppress this warning.
[0.023s] 
[0.023s] Call Stack (most recent call first):
[0.023s]   /opt/ros/foxy/share/ament_cmake_core/cmake/core/all.cmake:53 (include)
[0.023s]   /opt/ros/foxy/share/ament_cmake_core/cmake/ament_cmake_core-extras.cmake:17 (include)
[0.023s]   /opt/ros/foxy/share/ament_cmake_core/cmake/ament_cmake_coreConfig.cmake:41 (include)
[0.023s]   /opt/ros/foxy/share/ament_cmake/cmake/ament_cmake_export_dependencies-extras.cmake:15 (find_package)
[0.024s]   /opt/ros/foxy/share/ament_cmake/cmake/ament_cmakeConfig.cmake:41 (include)
[0.024s]   CMakeLists.txt:23 (find_package)
[0.024s] This warning is for project developers.  Use -Wno-dev to suppress it.
[0.024s] [0m
[0.038s] -- Using PYTHON_EXECUTABLE: /usr/bin/python3
[0.199s] -- Found rclcpp: 2.4.3 (/opt/ros/foxy/share/rclcpp/cmake)
[0.223s] -- Using all available rosidl_typesupport_c: rosidl_typesupport_fastrtps_c;rosidl_typesupport_introspection_c
[0.225s] -- Found rosidl_adapter: 1.3.1 (/opt/ros/foxy/share/rosidl_adapter/cmake)
[0.321s] -- Using all available rosidl_typesupport_cpp: rosidl_typesupport_fastrtps_cpp;rosidl_typesupport_introspection_cpp
[0.354s] -- Found rmw_implementation_cmake: 1.0.4 (/opt/ros/foxy/share/rmw_implementation_cmake/cmake)
[0.355s] -- Using RMW implementation 'rmw_cyclonedds_cpp' as default
[0.453s] -- Found cv_bridge: 3.0.7 (/opt/ros/foxy/share/cv_bridge/cmake)
[0.549s] -- Found image_transport: 2.4.0 (/opt/ros/foxy/share/image_transport/cmake)
[0.583s] -- Found camera_info_manager: 2.4.0 (/opt/ros/foxy/share/camera_info_manager/cmake)
[0.596s] -- Setting yaml-cpp_DIR to: '/opt/ros/foxy/share/yaml_cpp_vendor/cmake/../../../opt/yaml_cpp_vendor/lib/cmake/yaml-cpp'
[0.640s] -- Found ament_lint_auto: 0.9.8 (/opt/ros/foxy/share/ament_lint_auto/cmake)
[0.686s] -- Added test 'copyright' to check source files copyright and LICENSE
[0.691s] -- Added test 'cppcheck' to perform static code analysis on C / C++ code
[0.691s] -- Configured cppcheck include dirs: /home/sqhl/Desktops/my_code/my_hk_ros2/src/my_hk_ros2/include
[0.691s] -- Configured cppcheck exclude dirs and/or files: 
[0.696s] -- Added test 'cpplint' to check C / C++ code against the Google style
[0.696s] -- Configured cpplint exclude dirs and/or files: 
[0.697s] -- Added test 'flake8' to check Python code syntax and style conventions
[0.698s] -- Added test 'lint_cmake' to check CMake code style
[0.699s] -- Added test 'pep257' to check Python code against some of the style conventions in PEP 257
[0.704s] -- Added test 'uncrustify' to check C / C++ code style
[0.704s] -- Configured uncrustify additional arguments: 
[0.705s] -- Added test 'xmllint' to check XML markup files
[0.706s] -- Configuring done (0.7s)
[0.719s] -- Generating done (0.0s)
[0.721s] -- Build files have been written to: /home/sqhl/Desktops/my_code/my_hk_ros2/src/my_hk_ros2/build/my_hk_ros2
[0.741s] [100%] Built target hk_camera
[0.744s] Invoked command in '/home/sqhl/Desktops/my_code/my_hk_ros2/src/my_hk_ros2/build/my_hk_ros2' returned '0': CMAKE_PREFIX_PATH=${CMAKE_PREFIX_PATH}:/opt/ros/foxy CONDA_PROMPT_MODIFIER=(base) /usr/local/bin/cmake --build /home/sqhl/Desktops/my_code/my_hk_ros2/src/my_hk_ros2/build/my_hk_ros2 -- -j12 -l12
[0.761s] Invoking command in '/home/sqhl/Desktops/my_code/my_hk_ros2/src/my_hk_ros2/build/my_hk_ros2': CMAKE_PREFIX_PATH=${CMAKE_PREFIX_PATH}:/opt/ros/foxy CONDA_PROMPT_MODIFIER=(base) /usr/local/bin/cmake --install /home/sqhl/Desktops/my_code/my_hk_ros2/src/my_hk_ros2/build/my_hk_ros2
[0.764s] -- Install configuration: ""
[0.764s] -- Up-to-date: /home/sqhl/Desktops/my_code/my_hk_ros2/src/my_hk_ros2/install/my_hk_ros2/lib/my_hk_ros2/hk_camera
[0.764s] -- Up-to-date: /home/sqhl/Desktops/my_code/my_hk_ros2/src/my_hk_ros2/install/my_hk_ros2/share/my_hk_ros2/launch
[0.765s] -- Installing: /home/sqhl/Desktops/my_code/my_hk_ros2/src/my_hk_ros2/install/my_hk_ros2/share/my_hk_ros2/launch/my_camera_launch.py
[0.765s] -- Up-to-date: /home/sqhl/Desktops/my_code/my_hk_ros2/src/my_hk_ros2/install/my_hk_ros2/share/my_hk_ros2/launch/my_hk_camera_launch.xml
[0.765s] -- Up-to-date: /home/sqhl/Desktops/my_code/my_hk_ros2/src/my_hk_ros2/install/my_hk_ros2/share/my_hk_ros2/launch/my_hk_camera（原来的，注释版）.launch
[0.765s] -- Installing: /home/sqhl/Desktops/my_code/my_hk_ros2/src/my_hk_ros2/install/my_hk_ros2/share/my_hk_ros2/config
[0.765s] -- Installing: /home/sqhl/Desktops/my_code/my_hk_ros2/src/my_hk_ros2/install/my_hk_ros2/share/my_hk_ros2/config/my_camera.yaml
[0.765s] -- Up-to-date: /home/sqhl/Desktops/my_code/my_hk_ros2/src/my_hk_ros2/install/my_hk_ros2/share/ament_index/resource_index/package_run_dependencies/my_hk_ros2
[0.765s] -- Installing: /home/sqhl/Desktops/my_code/my_hk_ros2/src/my_hk_ros2/install/my_hk_ros2/share/ament_index/resource_index/parent_prefix_path/my_hk_ros2
[0.765s] -- Up-to-date: /home/sqhl/Desktops/my_code/my_hk_ros2/src/my_hk_ros2/install/my_hk_ros2/share/my_hk_ros2/environment/ament_prefix_path.sh
[0.765s] -- Installing: /home/sqhl/Desktops/my_code/my_hk_ros2/src/my_hk_ros2/install/my_hk_ros2/share/my_hk_ros2/environment/ament_prefix_path.dsv
[0.765s] -- Up-to-date: /home/sqhl/Desktops/my_code/my_hk_ros2/src/my_hk_ros2/install/my_hk_ros2/share/my_hk_ros2/environment/path.sh
[0.765s] -- Installing: /home/sqhl/Desktops/my_code/my_hk_ros2/src/my_hk_ros2/install/my_hk_ros2/share/my_hk_ros2/environment/path.dsv
[0.765s] -- Up-to-date: /home/sqhl/Desktops/my_code/my_hk_ros2/src/my_hk_ros2/install/my_hk_ros2/share/my_hk_ros2/local_setup.bash
[0.765s] -- Up-to-date: /home/sqhl/Desktops/my_code/my_hk_ros2/src/my_hk_ros2/install/my_hk_ros2/share/my_hk_ros2/local_setup.sh
[0.765s] -- Up-to-date: /home/sqhl/Desktops/my_code/my_hk_ros2/src/my_hk_ros2/install/my_hk_ros2/share/my_hk_ros2/local_setup.zsh
[0.765s] -- Installing: /home/sqhl/Desktops/my_code/my_hk_ros2/src/my_hk_ros2/install/my_hk_ros2/share/my_hk_ros2/local_setup.dsv
[0.765s] -- Installing: /home/sqhl/Desktops/my_code/my_hk_ros2/src/my_hk_ros2/install/my_hk_ros2/share/my_hk_ros2/package.dsv
[0.766s] -- Up-to-date: /home/sqhl/Desktops/my_code/my_hk_ros2/src/my_hk_ros2/install/my_hk_ros2/share/ament_index/resource_index/packages/my_hk_ros2
[0.766s] -- Up-to-date: /home/sqhl/Desktops/my_code/my_hk_ros2/src/my_hk_ros2/install/my_hk_ros2/share/my_hk_ros2/cmake/my_hk_ros2Config.cmake
[0.766s] -- Up-to-date: /home/sqhl/Desktops/my_code/my_hk_ros2/src/my_hk_ros2/install/my_hk_ros2/share/my_hk_ros2/cmake/my_hk_ros2Config-version.cmake
[0.766s] -- Up-to-date: /home/sqhl/Desktops/my_code/my_hk_ros2/src/my_hk_ros2/install/my_hk_ros2/share/my_hk_ros2/package.xml
[0.767s] Invoked command in '/home/sqhl/Desktops/my_code/my_hk_ros2/src/my_hk_ros2/build/my_hk_ros2' returned '0': CMAKE_PREFIX_PATH=${CMAKE_PREFIX_PATH}:/opt/ros/foxy CONDA_PROMPT_MODIFIER=(base) /usr/local/bin/cmake --install /home/sqhl/Desktops/my_code/my_hk_ros2/src/my_hk_ros2/build/my_hk_ros2
