[ 50%] [32mBuilding CXX object CMakeFiles/hk_camera.dir/src/hk_camera.cpp.o[0m
[100%] [32m[1mLinking CXX executable hk_camera[0m
[100%] Built target hk_camera
-- Install configuration: ""
-- Installing: /home/sqhl/Desktops/my_code/my_hk_ros2/src/my_hk_ros2/install/my_hk_ros2/lib/my_hk_ros2/hk_camera
-- Set non-toolchain portion of runtime path of "/home/sqhl/Desktops/my_code/my_hk_ros2/src/my_hk_ros2/install/my_hk_ros2/lib/my_hk_ros2/hk_camera" to ""
-- Up-to-date: /home/sqhl/Desktops/my_code/my_hk_ros2/src/my_hk_ros2/install/my_hk_ros2/share/my_hk_ros2/launch
-- Installing: /home/sqhl/Desktops/my_code/my_hk_ros2/src/my_hk_ros2/install/my_hk_ros2/share/my_hk_ros2/launch/my_camera_launch.py
-- Up-to-date: /home/sqhl/Desktops/my_code/my_hk_ros2/src/my_hk_ros2/install/my_hk_ros2/share/my_hk_ros2/launch/my_hk_camera_launch.xml
-- Up-to-date: /home/sqhl/Desktops/my_code/my_hk_ros2/src/my_hk_ros2/install/my_hk_ros2/share/my_hk_ros2/launch/my_hk_camera（原来的，注释版）.launch
-- Up-to-date: /home/sqhl/Desktops/my_code/my_hk_ros2/src/my_hk_ros2/install/my_hk_ros2/share/my_hk_ros2/config
-- Up-to-date: /home/sqhl/Desktops/my_code/my_hk_ros2/src/my_hk_ros2/install/my_hk_ros2/share/my_hk_ros2/config/my_camera.yaml
-- Up-to-date: /home/sqhl/Desktops/my_code/my_hk_ros2/src/my_hk_ros2/install/my_hk_ros2/share/ament_index/resource_index/package_run_dependencies/my_hk_ros2
-- Up-to-date: /home/sqhl/Desktops/my_code/my_hk_ros2/src/my_hk_ros2/install/my_hk_ros2/share/ament_index/resource_index/parent_prefix_path/my_hk_ros2
-- Up-to-date: /home/sqhl/Desktops/my_code/my_hk_ros2/src/my_hk_ros2/install/my_hk_ros2/share/my_hk_ros2/environment/ament_prefix_path.sh
-- Up-to-date: /home/sqhl/Desktops/my_code/my_hk_ros2/src/my_hk_ros2/install/my_hk_ros2/share/my_hk_ros2/environment/ament_prefix_path.dsv
-- Up-to-date: /home/sqhl/Desktops/my_code/my_hk_ros2/src/my_hk_ros2/install/my_hk_ros2/share/my_hk_ros2/environment/path.sh
-- Up-to-date: /home/sqhl/Desktops/my_code/my_hk_ros2/src/my_hk_ros2/install/my_hk_ros2/share/my_hk_ros2/environment/path.dsv
-- Up-to-date: /home/sqhl/Desktops/my_code/my_hk_ros2/src/my_hk_ros2/install/my_hk_ros2/share/my_hk_ros2/local_setup.bash
-- Up-to-date: /home/sqhl/Desktops/my_code/my_hk_ros2/src/my_hk_ros2/install/my_hk_ros2/share/my_hk_ros2/local_setup.sh
-- Up-to-date: /home/sqhl/Desktops/my_code/my_hk_ros2/src/my_hk_ros2/install/my_hk_ros2/share/my_hk_ros2/local_setup.zsh
-- Up-to-date: /home/sqhl/Desktops/my_code/my_hk_ros2/src/my_hk_ros2/install/my_hk_ros2/share/my_hk_ros2/local_setup.dsv
-- Up-to-date: /home/sqhl/Desktops/my_code/my_hk_ros2/src/my_hk_ros2/install/my_hk_ros2/share/my_hk_ros2/package.dsv
-- Up-to-date: /home/sqhl/Desktops/my_code/my_hk_ros2/src/my_hk_ros2/install/my_hk_ros2/share/ament_index/resource_index/packages/my_hk_ros2
-- Up-to-date: /home/sqhl/Desktops/my_code/my_hk_ros2/src/my_hk_ros2/install/my_hk_ros2/share/my_hk_ros2/cmake/my_hk_ros2Config.cmake
-- Up-to-date: /home/sqhl/Desktops/my_code/my_hk_ros2/src/my_hk_ros2/install/my_hk_ros2/share/my_hk_ros2/cmake/my_hk_ros2Config-version.cmake
-- Up-to-date: /home/sqhl/Desktops/my_code/my_hk_ros2/src/my_hk_ros2/install/my_hk_ros2/share/my_hk_ros2/package.xml
