-- The C compiler identification is GNU 11.4.0
-- The CXX compiler identification is GNU 11.4.0
-- Detecting C compiler ABI info
-- Detecting C compiler ABI info - done
-- Check for working C compiler: /usr/bin/cc - skipped
-- Detecting C compile features
-- Detecting C compile features - done
-- Detecting CXX compiler ABI info
-- Detecting CXX compiler ABI info - done
-- Check for working CXX compiler: /usr/bin/c++ - skipped
-- Detecting CXX compile features
-- Detecting CXX compile features - done
-- Found ament_cmake: 0.9.12 (/opt/ros/foxy/share/ament_cmake/cmake)
-- Found PythonInterp: /usr/bin/python3 (found suitable version "3.8.10", minimum required is "3") 
-- Using PYTHON_EXECUTABLE: /usr/bin/python3
-- Found rclcpp: 2.4.3 (/opt/ros/foxy/share/rclcpp/cmake)
-- Using all available rosidl_typesupport_c: rosidl_typesupport_fastrtps_c;rosidl_typesupport_introspection_c
-- Found rosidl_adapter: 1.3.1 (/opt/ros/foxy/share/rosidl_adapter/cmake)
-- Found OpenSSL: /usr/lib/x86_64-linux-gnu/libcrypto.so (found version "1.1.1f")  
-- Found FastRTPS: /opt/ros/foxy/include  
-- Using all available rosidl_typesupport_cpp: rosidl_typesupport_fastrtps_cpp;rosidl_typesupport_introspection_cpp
-- Found rmw_implementation_cmake: 1.0.4 (/opt/ros/foxy/share/rmw_implementation_cmake/cmake)
-- Using RMW implementation 'rmw_cyclonedds_cpp' as default
-- Performing Test CMAKE_HAVE_LIBC_PTHREAD
-- Performing Test CMAKE_HAVE_LIBC_PTHREAD - Failed
-- Looking for pthread_create in pthreads
-- Looking for pthread_create in pthreads - not found
-- Looking for pthread_create in pthread
-- Looking for pthread_create in pthread - found
-- Found Threads: TRUE  
-- Found cv_bridge: 3.0.7 (/opt/ros/foxy/share/cv_bridge/cmake)
-- Found image_transport: 2.4.0 (/opt/ros/foxy/share/image_transport/cmake)
-- Found OpenCV: /usr (found suitable version "4.2.0", minimum required is "4.2.0") 
-- Found camera_info_manager: 2.4.0 (/opt/ros/foxy/share/camera_info_manager/cmake)
-- Setting yaml-cpp_DIR to: '/opt/ros/foxy/share/yaml_cpp_vendor/cmake/../../../opt/yaml_cpp_vendor/lib/cmake/yaml-cpp'
-- Found ament_lint_auto: 0.9.8 (/opt/ros/foxy/share/ament_lint_auto/cmake)
-- Added test 'copyright' to check source files copyright and LICENSE
-- Added test 'cppcheck' to perform static code analysis on C / C++ code
-- Configured cppcheck include dirs: /home/sqhl/Desktops/my_code/my_hk_ros2/src/my_hk_ros2/include
-- Configured cppcheck exclude dirs and/or files: 
-- Added test 'cpplint' to check C / C++ code against the Google style
-- Configured cpplint exclude dirs and/or files: 
-- Added test 'flake8' to check Python code syntax and style conventions
-- Added test 'lint_cmake' to check CMake code style
-- Added test 'pep257' to check Python code against some of the style conventions in PEP 257
-- Added test 'uncrustify' to check C / C++ code style
-- Configured uncrustify additional arguments: 
-- Added test 'xmllint' to check XML markup files
-- Configuring done (1.3s)
-- Generating done (0.0s)
-- Build files have been written to: /home/sqhl/Desktops/my_code/my_hk_ros2/src/my_hk_ros2/build/my_hk_ros2
[ 50%] [32mBuilding CXX object CMakeFiles/hk_camera.dir/src/hk_camera.cpp.o[0m
[100%] [32m[1mLinking CXX executable hk_camera[0m
[100%] Built target hk_camera
-- Install configuration: ""
-- Installing: /home/sqhl/Desktops/my_code/my_hk_ros2/src/my_hk_ros2/install/my_hk_ros2/lib/my_hk_ros2/hk_camera
-- Set non-toolchain portion of runtime path of "/home/sqhl/Desktops/my_code/my_hk_ros2/src/my_hk_ros2/install/my_hk_ros2/lib/my_hk_ros2/hk_camera" to ""
-- Installing: /home/sqhl/Desktops/my_code/my_hk_ros2/src/my_hk_ros2/install/my_hk_ros2/share/my_hk_ros2/launch
-- Installing: /home/sqhl/Desktops/my_code/my_hk_ros2/src/my_hk_ros2/install/my_hk_ros2/share/my_hk_ros2/launch/my_camera_launch.py
-- Installing: /home/sqhl/Desktops/my_code/my_hk_ros2/src/my_hk_ros2/install/my_hk_ros2/share/my_hk_ros2/launch/my_hk_camera_launch.xml
-- Installing: /home/sqhl/Desktops/my_code/my_hk_ros2/src/my_hk_ros2/install/my_hk_ros2/share/my_hk_ros2/launch/my_hk_camera（原来的，注释版）.launch
-- Installing: /home/sqhl/Desktops/my_code/my_hk_ros2/src/my_hk_ros2/install/my_hk_ros2/share/ament_index/resource_index/package_run_dependencies/my_hk_ros2
-- Installing: /home/sqhl/Desktops/my_code/my_hk_ros2/src/my_hk_ros2/install/my_hk_ros2/share/ament_index/resource_index/parent_prefix_path/my_hk_ros2
-- Installing: /home/sqhl/Desktops/my_code/my_hk_ros2/src/my_hk_ros2/install/my_hk_ros2/share/my_hk_ros2/environment/ament_prefix_path.sh
-- Installing: /home/sqhl/Desktops/my_code/my_hk_ros2/src/my_hk_ros2/install/my_hk_ros2/share/my_hk_ros2/environment/ament_prefix_path.dsv
-- Installing: /home/sqhl/Desktops/my_code/my_hk_ros2/src/my_hk_ros2/install/my_hk_ros2/share/my_hk_ros2/environment/path.sh
-- Installing: /home/sqhl/Desktops/my_code/my_hk_ros2/src/my_hk_ros2/install/my_hk_ros2/share/my_hk_ros2/environment/path.dsv
-- Installing: /home/sqhl/Desktops/my_code/my_hk_ros2/src/my_hk_ros2/install/my_hk_ros2/share/my_hk_ros2/local_setup.bash
-- Installing: /home/sqhl/Desktops/my_code/my_hk_ros2/src/my_hk_ros2/install/my_hk_ros2/share/my_hk_ros2/local_setup.sh
-- Installing: /home/sqhl/Desktops/my_code/my_hk_ros2/src/my_hk_ros2/install/my_hk_ros2/share/my_hk_ros2/local_setup.zsh
-- Installing: /home/sqhl/Desktops/my_code/my_hk_ros2/src/my_hk_ros2/install/my_hk_ros2/share/my_hk_ros2/local_setup.dsv
-- Installing: /home/sqhl/Desktops/my_code/my_hk_ros2/src/my_hk_ros2/install/my_hk_ros2/share/my_hk_ros2/package.dsv
-- Installing: /home/sqhl/Desktops/my_code/my_hk_ros2/src/my_hk_ros2/install/my_hk_ros2/share/ament_index/resource_index/packages/my_hk_ros2
-- Installing: /home/sqhl/Desktops/my_code/my_hk_ros2/src/my_hk_ros2/install/my_hk_ros2/share/my_hk_ros2/cmake/my_hk_ros2Config.cmake
-- Installing: /home/sqhl/Desktops/my_code/my_hk_ros2/src/my_hk_ros2/install/my_hk_ros2/share/my_hk_ros2/cmake/my_hk_ros2Config-version.cmake
-- Installing: /home/sqhl/Desktops/my_code/my_hk_ros2/src/my_hk_ros2/install/my_hk_ros2/share/my_hk_ros2/package.xml
